\BOOKMARK [1][-]{section.1}{Introduction}{}% 1
\BOOKMARK [2][-]{subsection.1.1}{Defining Academic Dishonesty}{section.1}% 2
\BOOKMARK [2][-]{subsection.1.2}{Project Goals}{section.1}% 3
\BOOKMARK [1][-]{section.2}{Definitions}{}% 4
\BOOKMARK [1][-]{section.3}{Literature Review}{}% 5
\BOOKMARK [2][-]{subsection.3.1}{Academic Dishonesty}{section.3}% 6
\BOOKMARK [3][-]{subsubsection.3.1.1}{Detection of Academic Dishonesty}{subsection.3.1}% 7
\BOOKMARK [4][-]{paragraph.3.1.1.1}{Obfuscation}{subsubsection.3.1.1}% 8
\BOOKMARK [2][-]{subsection.3.2}{Other Applications of Similarity Detection}{section.3}% 9
\BOOKMARK [3][-]{subsubsection.3.2.1}{Code Clone Detection}{subsection.3.2}% 10
\BOOKMARK [3][-]{subsubsection.3.2.2}{Bioinformatics}{subsection.3.2}% 11
\BOOKMARK [3][-]{subsubsection.3.2.3}{Copyright Infringement Detection}{subsection.3.2}% 12
\BOOKMARK [2][-]{subsection.3.3}{Algorithms}{section.3}% 13
\BOOKMARK [3][-]{subsubsection.3.3.1}{Syntax Awareness in Comparison}{subsection.3.3}% 14
\BOOKMARK [3][-]{subsubsection.3.3.2}{Greedy String Tiling}{subsection.3.3}% 15
\BOOKMARK [3][-]{subsubsection.3.3.3}{Vector-Distance Algorithms}{subsection.3.3}% 16
\BOOKMARK [4][-]{paragraph.3.3.3.1}{Smith-Waterman Algorithm}{subsubsection.3.3.3}% 17
\BOOKMARK [3][-]{subsubsection.3.3.4}{Fingerprinting Algorithms}{subsection.3.3}% 18
\BOOKMARK [4][-]{paragraph.3.3.4.1}{Karp-Rabin String Matching}{subsubsection.3.3.4}% 19
\BOOKMARK [4][-]{paragraph.3.3.4.2}{n-gram Fingerprinting}{subsubsection.3.3.4}% 20
\BOOKMARK [3][-]{subsubsection.3.3.5}{Feature Comparison}{subsection.3.3}% 21
\BOOKMARK [3][-]{subsubsection.3.3.6}{Other Approaches}{subsection.3.3}% 22
\BOOKMARK [2][-]{subsection.3.4}{Existing Solutions}{section.3}% 23
\BOOKMARK [3][-]{subsubsection.3.4.1}{MOSS}{subsection.3.4}% 24
\BOOKMARK [3][-]{subsubsection.3.4.2}{JPlag}{subsection.3.4}% 25
\BOOKMARK [1][-]{section.4}{Requirements}{}% 26
\BOOKMARK [1][-]{section.5}{Approach}{}% 27
\BOOKMARK [2][-]{subsection.5.1}{Architecture}{section.5}% 28
\BOOKMARK [2][-]{subsection.5.2}{Submissions and Tokenization}{section.5}% 29
\BOOKMARK [2][-]{subsection.5.3}{Preprocessing and Common Code Removal}{section.5}% 30
\BOOKMARK [2][-]{subsection.5.4}{Similarity Detection}{section.5}% 31
\BOOKMARK [3][-]{subsubsection.5.4.1}{Line Comparison}{subsection.5.4}% 32
\BOOKMARK [3][-]{subsubsection.5.4.2}{Smith-Waterman Algorithm}{subsection.5.4}% 33
\BOOKMARK [2][-]{subsection.5.5}{User-Friendly Output}{section.5}% 34
\BOOKMARK [3][-]{subsubsection.5.5.1}{Similarity Matrix}{subsection.5.5}% 35
\BOOKMARK [1][-]{section.6}{Need for Evaluation}{}% 36
\BOOKMARK [2][-]{subsection.6.1}{Data Sources}{section.6}% 37
\BOOKMARK [3][-]{subsubsection.6.1.1}{Student Code}{subsection.6.1}% 38
\BOOKMARK [4][-]{paragraph.6.1.1.1}{Anonymization Script}{subsubsection.6.1.1}% 39
\BOOKMARK [5][-]{subparagraph.6.1.1.1.1}{Accuracy Without Comments}{paragraph.6.1.1.1}% 40
\BOOKMARK [4][-]{paragraph.6.1.1.2}{Baseline Output}{subsubsection.6.1.1}% 41
\BOOKMARK [3][-]{subsubsection.6.1.2}{Simulated Similarity}{subsection.6.1}% 42
\BOOKMARK [1][-]{section.7}{Experimental Verification}{}% 43
\BOOKMARK [2][-]{subsection.7.1}{Algorithm Comparisons}{section.7}% 44
\BOOKMARK [2][-]{subsection.7.2}{MOSS Comparison}{section.7}% 45
\BOOKMARK [1][-]{section.8}{Results}{}% 46
\BOOKMARK [2][-]{subsection.8.1}{Algorithm Comparison}{section.8}% 47
\BOOKMARK [3][-]{subsubsection.8.1.1}{Overall Results Detected}{subsection.8.1}% 48
\BOOKMARK [4][-]{paragraph.8.1.1.1}{Previous Undiscovered Academic Dishonesty}{subsubsection.8.1.1}% 49
\BOOKMARK [3][-]{subsubsection.8.1.2}{Runtime Comparison}{subsection.8.1}% 50
\BOOKMARK [3][-]{subsubsection.8.1.3}{Algorithm Comparison}{subsection.8.1}% 51
\BOOKMARK [2][-]{subsection.8.2}{MOSS Comparison}{section.8}% 52
\BOOKMARK [1][-]{section.9}{Real-World Usage}{}% 53
\BOOKMARK [2][-]{subsection.9.1}{Embedded Computing in Engineering Design}{section.9}% 54
\BOOKMARK [2][-]{subsection.9.2}{Machine Organization and Assembly Language}{section.9}% 55
\BOOKMARK [1][-]{section.10}{Future Work}{}% 56
\BOOKMARK [1][-]{section.11}{Conclusion}{}% 57
\BOOKMARK [1][-]{section*.12}{References}{}% 58
\BOOKMARK [1][-]{section*.13}{Appendices}{}% 59
\BOOKMARK [1][-]{Appendix.1.A}{User Guide}{}% 60
\BOOKMARK [2][-]{subsection.1.A.1}{Installing Checksims}{Appendix.1.A}% 61
\BOOKMARK [2][-]{subsection.1.A.2}{Running Checksims}{Appendix.1.A}% 62
\BOOKMARK [3][-]{subsubsection.1.A.2.1}{Arguments}{subsection.1.A.2}% 63
\BOOKMARK [4][-]{paragraph.1.A.2.1.1}{Optional Arguments}{subsubsection.1.A.2.1}% 64
\BOOKMARK [4][-]{paragraph.1.A.2.1.2}{JVM Arguments}{subsubsection.1.A.2.1}% 65
\BOOKMARK [4][-]{paragraph.1.A.2.1.3}{Sample Command Line}{subsubsection.1.A.2.1}% 66
\BOOKMARK [3][-]{subsubsection.1.A.2.2}{Common Errors and Solutions}{subsection.1.A.2}% 67
\BOOKMARK [4][-]{paragraph.1.A.2.2.1}{Out of Memory Errors}{subsubsection.1.A.2.2}% 68
\BOOKMARK [4][-]{paragraph.1.A.2.2.2}{No Submissions Detected}{subsubsection.1.A.2.2}% 69
\BOOKMARK [2][-]{subsection.1.A.3}{Description of Tokenizations}{Appendix.1.A}% 70
\BOOKMARK [3][-]{subsubsection.1.A.3.1}{Character Tokenization}{subsection.1.A.3}% 71
\BOOKMARK [3][-]{subsubsection.1.A.3.2}{Whitespace Tokenization}{subsection.1.A.3}% 72
\BOOKMARK [3][-]{subsubsection.1.A.3.3}{Line Tokenization}{subsection.1.A.3}% 73
\BOOKMARK [2][-]{subsection.1.A.4}{Description of Preprocessors}{Appendix.1.A}% 74
\BOOKMARK [2][-]{subsection.1.A.5}{Description of Algorithms}{Appendix.1.A}% 75
\BOOKMARK [3][-]{subsubsection.1.A.5.1}{Smith-Waterman}{subsection.1.A.5}% 76
\BOOKMARK [3][-]{subsubsection.1.A.5.2}{Line Comparison}{subsection.1.A.5}% 77
\BOOKMARK [2][-]{subsection.1.A.6}{Description of Output Strategies}{Appendix.1.A}% 78
\BOOKMARK [3][-]{subsubsection.1.A.6.1}{CSV}{subsection.1.A.6}% 79
\BOOKMARK [3][-]{subsubsection.1.A.6.2}{HTML}{subsection.1.A.6}% 80
\BOOKMARK [3][-]{subsubsection.1.A.6.3}{Threshold}{subsection.1.A.6}% 81
\BOOKMARK [1][-]{Appendix.1.B}{Developer Guide}{}% 82
\BOOKMARK [2][-]{subsection.1.B.1}{Obtaining the Source}{Appendix.1.B}% 83
\BOOKMARK [2][-]{subsection.1.B.2}{Building Checksims}{Appendix.1.B}% 84
\BOOKMARK [2][-]{subsection.1.B.3}{Contributing: Modifying the Source}{Appendix.1.B}% 85
\BOOKMARK [3][-]{subsubsection.1.B.3.1}{Directory Structure}{subsection.1.B.3}% 86
\BOOKMARK [3][-]{subsubsection.1.B.3.2}{Source Structure}{subsection.1.B.3}% 87
\BOOKMARK [4][-]{paragraph.1.B.3.2.1}{Package Structure}{subsubsection.1.B.3.2}% 88
\BOOKMARK [4][-]{paragraph.1.B.3.2.2}{Code Structure}{subsubsection.1.B.3.2}% 89
\BOOKMARK [3][-]{subsubsection.1.B.3.3}{Adding an Algorithm}{subsection.1.B.3}% 90
\BOOKMARK [1][-]{Appendix.1.C}{Anonymization Script}{}% 91
