\BOOKMARK [1][-]{section.1}{User Guide}{}% 1
\BOOKMARK [2][-]{subsection.1.1}{Installing Checksims}{section.1}% 2
\BOOKMARK [2][-]{subsection.1.2}{Running Checksims}{section.1}% 3
\BOOKMARK [3][-]{subsubsection.1.2.1}{Arguments}{subsection.1.2}% 4
\BOOKMARK [4][-]{paragraph.1.2.1.1}{Optional Arguments}{subsubsection.1.2.1}% 5
\BOOKMARK [4][-]{paragraph.1.2.1.2}{JVM Arguments}{subsubsection.1.2.1}% 6
\BOOKMARK [4][-]{paragraph.1.2.1.3}{Sample Command Line}{subsubsection.1.2.1}% 7
\BOOKMARK [3][-]{subsubsection.1.2.2}{Common Errors and Solutions}{subsection.1.2}% 8
\BOOKMARK [4][-]{paragraph.1.2.2.1}{Out of Memory Errors}{subsubsection.1.2.2}% 9
\BOOKMARK [4][-]{paragraph.1.2.2.2}{No Submissions Detected}{subsubsection.1.2.2}% 10
\BOOKMARK [2][-]{subsection.1.3}{Description of Tokenizations}{section.1}% 11
\BOOKMARK [3][-]{subsubsection.1.3.1}{Character Tokenization}{subsection.1.3}% 12
\BOOKMARK [3][-]{subsubsection.1.3.2}{Whitespace Tokenization}{subsection.1.3}% 13
\BOOKMARK [3][-]{subsubsection.1.3.3}{Line Tokenization}{subsection.1.3}% 14
\BOOKMARK [2][-]{subsection.1.4}{Description of Preprocessors}{section.1}% 15
\BOOKMARK [2][-]{subsection.1.5}{Description of Algorithms}{section.1}% 16
\BOOKMARK [3][-]{subsubsection.1.5.1}{Smith-Waterman}{subsection.1.5}% 17
\BOOKMARK [3][-]{subsubsection.1.5.2}{Line Comparison}{subsection.1.5}% 18
\BOOKMARK [2][-]{subsection.1.6}{Description of Output Strategies}{section.1}% 19
\BOOKMARK [3][-]{subsubsection.1.6.1}{CSV}{subsection.1.6}% 20
\BOOKMARK [3][-]{subsubsection.1.6.2}{HTML}{subsection.1.6}% 21
\BOOKMARK [3][-]{subsubsection.1.6.3}{Threshold}{subsection.1.6}% 22
